October 12, 2023 @ 3:43 pm EDT|BBCP-2024-1.jpg| 19650|Could not create backup. Please check file permissions - file BBCP-2024-1.jpg;
October 12, 2023 @ 3:45 pm EDT|IMG_5148.jpeg| 19585|Could not create backup. Please check file permissions - file IMG_5148.jpeg;
October 12, 2023 @ 3:47 pm EDT|Historic-Dance-Floor-Pavilion.jpg| 19351|Could not create backup. Please check file permissions - file Historic-Dance-Floor-Pavilion.jpg;
October 12, 2023 @ 3:54 pm EDT|photo-may-07-2023-09-33-49.jpg| 18871|Could not create backup. Please check file permissions - file photo-may-07-2023-09-33-49.jpg;
October 12, 2023 @ 3:57 pm EDT|photo-may-07-2023-09-33-49.jpg| 18629|Could not create backup. Please check file permissions - file photo-may-07-2023-09-33-49.jpg;
October 12, 2023 @ 4:05 pm EDT|IMG_4307.jpeg| 17684|Could not create backup. Please check file permissions - file IMG_4307.jpeg;
October 12, 2023 @ 4:07 pm EDT|Coastal-Cleanup-2023-Web-Banner-3.jpg| 17521|Could not create backup. Please check file permissions - file Coastal-Cleanup-2023-Web-Banner-3.jpg;
October 12, 2023 @ 4:08 pm EDT|Coastal-Cleanup-2023-Web-Banner-4.jpg| 17520|Could not create backup. Please check file permissions - file Coastal-Cleanup-2023-Web-Banner-4.jpg;
October 12, 2023 @ 4:09 pm EDT|Coastal-Cleanup-2023-Web-Banner-3.jpg| 17510|Could not create backup. Please check file permissions - file Coastal-Cleanup-2023-Web-Banner-3.jpg;
October 12, 2023 @ 4:09 pm EDT|Coastal-Cleanup-2023-Web-Banner-3-scaled.jpg| 17903|Retry Limit reached. Image might be too large, limit too low or network issues.  ;
October 12, 2023 @ 4:09 pm EDT|Coastal-Cleanup-2023-Web-Banner-3-scaled.jpg| 17903|Retry Limit reached. Image might be too large, limit too low or network issues.  ;
October 12, 2023 @ 4:09 pm EDT|PS5S6518.jpg| 17041|Could not create backup. Please check file permissions - file PS5S6518.jpg;
October 12, 2023 @ 4:15 pm EDT|photo-jan-22-2023-10-32-47.jpg| 16083|Could not create backup. Please check file permissions - file photo-jan-22-2023-10-32-47.jpg;
October 12, 2023 @ 4:16 pm EDT|IMG_4307.jpeg| 15766|Could not create backup. Please check file permissions - file IMG_4307.jpeg;
October 12, 2023 @ 4:17 pm EDT|Coastal-Cleanup-2023-Web-Banner-3-scaled.jpg| 17900|Item is already optimized;
October 12, 2023 @ 4:18 pm EDT|ARR0237.jpg| 15186|Could not create backup. Please check file permissions - file ARR0237.jpg;
October 12, 2023 @ 4:25 pm EDT|Beach-Squad-Beach-Cleanup-Main-Street-Pier.jpg| 15144|Could not create backup. Please check file permissions - file Beach-Squad-Beach-Cleanup-Main-Street-Pier.jpg;
October 12, 2023 @ 4:26 pm EDT|Banner-Pic.jpg| 15001|Could not create backup. Please check file permissions - file Banner-Pic.jpg;
October 12, 2023 @ 4:28 pm EDT|Banner-Pic.jpg| 14912|Could not create backup. Please check file permissions - file Banner-Pic.jpg;
October 12, 2023 @ 4:29 pm EDT|Beach-Cleanup-2-Locations-Every-Sunday-2.jpg| 15152|Retry Limit reached. Image might be too large, limit too low or network issues.  ;
October 12, 2023 @ 4:29 pm EDT|Beach-Cleanup-2-Locations-Every-Sunday-2.jpg| 15152|Retry Limit reached. Image might be too large, limit too low or network issues.  ;
October 12, 2023 @ 4:30 pm EDT|Mariner-scaled-1.jpg| 15058|Retry Limit reached. Image might be too large, limit too low or network issues.  ;
October 12, 2023 @ 4:30 pm EDT|Mariner-scaled-1.jpg| 15058|Retry Limit reached. Image might be too large, limit too low or network issues.  ;
October 12, 2023 @ 4:33 pm EDT|photo-jan-22-2023-10-32-47.jpg| 7268|Could not create backup. Please check file permissions - file photo-jan-22-2023-10-32-47.jpg;
October 12, 2023 @ 4:36 pm EDT|Beach-Cleanup-2-Locations-Every-Sunday.jpg| 15151|Item is already optimized;
October 12, 2023 @ 4:37 pm EDT|Beach-Squad-Beach-Cleanup-Daytona-Beach-FL-Beach-Setup-2-3.jpg| 6839|Could not create backup. Please check file permissions - file Beach-Squad-Beach-Cleanup-Daytona-Beach-FL-Beach-Setup-2-3.jpg;
October 12, 2023 @ 4:41 pm EDT|Beach-Squad-Beach-Cleanup-Main-Street-Pier.jpg| 6783|Could not create backup. Please check file permissions - file Beach-Squad-Beach-Cleanup-Main-Street-Pier.jpg;
October 12, 2023 @ 4:42 pm EDT|Beach-Squad-Beach-Cleanup-Daytona-Beach-FL-Beach-Squad-Volunteers-1-1.jpg| 6715|Could not create backup. Please check file permissions - file Beach-Squad-Beach-Cleanup-Daytona-Beach-FL-Beach-Squad-Volunteers-1-1.jpg;
October 12, 2023 @ 4:42 pm EDT|Beach-Squad-Beach-Cleanup-Main-Street-Pier.jpg| 6697|Could not create backup. Please check file permissions - file Beach-Squad-Beach-Cleanup-Main-Street-Pier.jpg;
October 12, 2023 @ 4:43 pm EDT|Beach-Squad-Beach-Cleanup-Daytona-Beach-FL-Beach-Squad-Volunteers-1.jpg| 6693|Could not create backup. Please check file permissions - file Beach-Squad-Beach-Cleanup-Daytona-Beach-FL-Beach-Squad-Volunteers-1.jpg;
October 12, 2023 @ 4:44 pm EDT|Beach-Squad-Beach-Cleanup-Daytona-Beach-FL-Beach-Squad-Volunteers-1.jpg| 6678|Could not create backup. Please check file permissions - file Beach-Squad-Beach-Cleanup-Daytona-Beach-FL-Beach-Squad-Volunteers-1.jpg;
October 12, 2023 @ 4:45 pm EDT|Beach-Squad-Beach-Cleanup-Main-Street-Pier.jpg| 6689|Could not create backup. Please check file permissions - file Beach-Squad-Beach-Cleanup-Main-Street-Pier.jpg;
October 12, 2023 @ 4:45 pm EDT|Beach-Squad-Beach-Cleanup-Daytona-Beach-FL-Beach-Setup-2-1-scaled.jpg| 6814|Retry Limit reached. Image might be too large, limit too low or network issues.  ;
October 12, 2023 @ 4:45 pm EDT|Beach-Squad-Beach-Cleanup-Daytona-Beach-FL-Beach-Setup-2-1-scaled.jpg| 6814|Retry Limit reached. Image might be too large, limit too low or network issues.  ;
October 12, 2023 @ 4:45 pm EDT|Beach-Squad-Beach-Cleanup-Daytona-Beach-FL-Beach-Squad-Volunteers-1.jpg| 6675|Could not create backup. Please check file permissions - file Beach-Squad-Beach-Cleanup-Daytona-Beach-FL-Beach-Squad-Volunteers-1.jpg;
October 12, 2023 @ 4:53 pm EDT|Stacy_Bucket_Sticker-30.png| 6597|Retry Limit reached. Image might be too large, limit too low or network issues.  ;
October 12, 2023 @ 4:53 pm EDT|Stacy_Bucket_Sticker-30.png| 6597|Retry Limit reached. Image might be too large, limit too low or network issues.  ;
October 12, 2023 @ 4:53 pm EDT|Beach-Squad-Beach-Cleanup-Main-Street-Pier-1-scaled.jpg| 6795|Item is already optimized;
October 12, 2023 @ 4:55 pm EDT|ICCFLYER-2.jpg| 6324|Could not create backup. Please check file permissions - file ICCFLYER-2.jpg;
October 12, 2023 @ 4:56 pm EDT|IMG_0034.jpg| 6323|Could not create backup. Please check file permissions - file IMG_0034.jpg;
October 12, 2023 @ 4:56 pm EDT|ICCFLYER-2.jpg| 6320|Could not create backup. Please check file permissions - file ICCFLYER-2.jpg;
October 12, 2023 @ 4:57 pm EDT|IMG_0034.jpg| 6319|Could not create backup. Please check file permissions - file IMG_0034.jpg;
October 12, 2023 @ 4:58 pm EDT|lacie-slezak-7yqyQQXgOT8-unsplash.jpg| 6071|Could not create backup. Please check file permissions - file lacie-slezak-7yqyQQXgOT8-unsplash.jpg;
October 12, 2023 @ 4:59 pm EDT|Beach-Squad-Beach-Cleanup-Daytona-Beach-FL-Beach-Squad-Volunteers-1.jpg| 6022|Could not create backup. Please check file permissions - file Beach-Squad-Beach-Cleanup-Daytona-Beach-FL-Beach-Squad-Volunteers-1.jpg;
October 12, 2023 @ 5:00 pm EDT|0P9bvySJ.jpg| 5902|Could not create backup. Please check file permissions - file 0P9bvySJ.jpg;
October 12, 2023 @ 5:01 pm EDT|ywc3yZjC-1.jpg| 5899|Could not create backup. Please check file permissions - file ywc3yZjC-1.jpg;
October 12, 2023 @ 5:02 pm EDT|Coastal-Cleanup-2023-Web-Banner-4.jpg| 5779|Could not create backup. Please check file permissions - file Coastal-Cleanup-2023-Web-Banner-4.jpg;
October 12, 2023 @ 5:03 pm EDT|Coastal-Cleanup-2023-Web-Banner-4.jpg| 5778|Could not create backup. Please check file permissions - file Coastal-Cleanup-2023-Web-Banner-4.jpg;
October 12, 2023 @ 5:03 pm EDT|Coastal-Cleanup-2023-Web-Banner-3.jpg| 5774|Could not create backup. Please check file permissions - file Coastal-Cleanup-2023-Web-Banner-3.jpg;
October 12, 2023 @ 5:03 pm EDT|0P9bvySJ.jpg| 5763|Could not create backup. Please check file permissions - file 0P9bvySJ.jpg;
October 12, 2023 @ 5:05 pm EDT|IMG_1921.jpg| 5734|Could not create backup. Please check file permissions - file IMG_1921.jpg;
October 12, 2023 @ 5:05 pm EDT|Red-Mangroves-5.jpg| 5691|Could not create backup. Please check file permissions - file Red-Mangroves-5.jpg;
October 12, 2023 @ 5:09 pm EDT|Flyer-03-MAR-Community-Summer-Cleanup-Event-Headline-1.jpg| 5569|Could not create backup. Please check file permissions - file Flyer-03-MAR-Community-Summer-Cleanup-Event-Headline-1.jpg;
October 12, 2023 @ 5:09 pm EDT|Coastal-Cleanup-2023-Web-Banner-4.jpg| 5549|Could not create backup. Please check file permissions - file Coastal-Cleanup-2023-Web-Banner-4.jpg;
October 12, 2023 @ 5:10 pm EDT|Coastal-Cleanup-2023-Web-Banner-3.jpg| 5536|Could not create backup. Please check file permissions - file Coastal-Cleanup-2023-Web-Banner-3.jpg;
October 12, 2023 @ 5:10 pm EDT|Coastal-Cleanup-2023-Web-Banner-2.jpg| 5532|Could not create backup. Please check file permissions - file Coastal-Cleanup-2023-Web-Banner-2.jpg;
October 12, 2023 @ 5:11 pm EDT|Coastal-Cleanup-2023-Web-Banner-2.jpg| 5524|Could not create backup. Please check file permissions - file Coastal-Cleanup-2023-Web-Banner-2.jpg;
October 12, 2023 @ 5:12 pm EDT|Coastal-Cleanup-2023-Web-Banner.jpg| 5505|Could not create backup. Please check file permissions - file Coastal-Cleanup-2023-Web-Banner.jpg;
October 12, 2023 @ 5:12 pm EDT|Coastal-Cleanup-2023-Web-Banner.jpg| 5503|Could not create backup. Please check file permissions - file Coastal-Cleanup-2023-Web-Banner.jpg;
October 12, 2023 @ 5:13 pm EDT|photo-may-07-2023-09-13-00.jpg| 5290|Could not create backup. Please check file permissions - file photo-may-07-2023-09-13-00.jpg;
October 12, 2023 @ 5:16 pm EDT|photo-may-07-2023-11-09-13-2.jpg| 5112|Could not create backup. Please check file permissions - file photo-may-07-2023-11-09-13-2.jpg;
October 12, 2023 @ 5:17 pm EDT|Flyer-03-MAR-Community-Summer-Cleanup-Event-Headline.jpg| 5098|Could not create backup. Please check file permissions - file Flyer-03-MAR-Community-Summer-Cleanup-Event-Headline.jpg;
October 12, 2023 @ 5:17 pm EDT|photo-apr-02-2023-09-30-18.jpg| 5092|Could not create backup. Please check file permissions - file photo-apr-02-2023-09-30-18.jpg;
October 12, 2023 @ 5:18 pm EDT|photo-may-07-2023-09-33-49.jpg| 4532|Could not create backup. Please check file permissions - file photo-may-07-2023-09-33-49.jpg;
October 12, 2023 @ 5:19 pm EDT|photo-jan-22-2023-10-32-47.jpg| 4529|Could not create backup. Please check file permissions - file photo-jan-22-2023-10-32-47.jpg;
October 12, 2023 @ 5:26 pm EDT|photo-may-07-2023-09-13-00-1-scaled.jpg| 4526|Retry Limit reached. Image might be too large, limit too low or network issues.  ;
October 12, 2023 @ 5:26 pm EDT|photo-may-07-2023-09-13-00-1-scaled.jpg| 4526|Retry Limit reached. Image might be too large, limit too low or network issues.  ;
October 12, 2023 @ 5:34 pm EDT|Man-vs-Trash.jpg| 4084|Retry Limit reached. Image might be too large, limit too low or network issues.  ;
October 12, 2023 @ 5:34 pm EDT|Man-vs-Trash.jpg| 4084|Retry Limit reached. Image might be too large, limit too low or network issues.  ;
October 12, 2023 @ 5:34 pm EDT|photo-may-07-2023-09-13-00-scaled.jpg| 4519|Item is already optimized;
October 12, 2023 @ 5:39 pm EDT|IMG_2130-scaled.jpeg| 3964|Retry Limit reached. Image might be too large, limit too low or network issues.  ;
October 12, 2023 @ 5:39 pm EDT|IMG_2130-scaled.jpeg| 3964|Retry Limit reached. Image might be too large, limit too low or network issues.  ;
October 12, 2023 @ 5:42 pm EDT|Miami-Dade-Parks.png| 3885|Retry Limit reached. Image might be too large, limit too low or network issues.  ;
October 12, 2023 @ 5:42 pm EDT|Miami-Dade-Parks.png| 3885|Retry Limit reached. Image might be too large, limit too low or network issues.  ;
October 12, 2023 @ 5:47 pm EDT|IMG_2130-scaled.jpeg| 3963|Item is already optimized;
October 12, 2023 @ 5:52 pm EDT|CrandonMarina_CleanupMap.png| 3670|Retry Limit reached. Image might be too large, limit too low or network issues.  ;
October 12, 2023 @ 5:52 pm EDT|CrandonMarina_CleanupMap.png| 3670|Retry Limit reached. Image might be too large, limit too low or network issues.  ;
October 12, 2023 @ 6:01 pm EDT|ICC-2023.png| 3645|Item is already optimized;
October 12, 2023 @ 6:11 pm EDT|IMG_5986-1.jpg| 2670|Retry Limit reached. Image might be too large, limit too low or network issues.  ;
October 12, 2023 @ 6:11 pm EDT|IMG_5986-1.jpg| 2670|Retry Limit reached. Image might be too large, limit too low or network issues.  ;
October 12, 2023 @ 6:20 pm EDT|IMG_5727-1.jpg| 2669|Item is already optimized;
October 12, 2023 @ 6:22 pm EDT|Pocket_Ashtrays_VolunteerCleanup_Large-1.jpg| 2559|Retry Limit reached. Image might be too large, limit too low or network issues.  ;
October 12, 2023 @ 6:22 pm EDT|Pocket_Ashtrays_VolunteerCleanup_Large-1.jpg| 2559|Retry Limit reached. Image might be too large, limit too low or network issues.  ;
October 12, 2023 @ 6:31 pm EDT|boat_show_ashtray-1.jpg| 2558|Item is already optimized;
October 12, 2023 @ 6:32 pm EDT|IMG_6513.jpg| 2299|Retry Limit reached. Image might be too large, limit too low or network issues.  ;
October 12, 2023 @ 6:32 pm EDT|IMG_6513.jpg| 2299|Retry Limit reached. Image might be too large, limit too low or network issues.  ;
